CRITICAL - 2025-11-21 08:00:00 --> ParseError: syntax error, unexpected token ";"
[Method: GET, Route: /]
in APPPATH/Views/master.php on line 36.
 1 SYSTEMPATH/View/View.php(229): CodeIgniter\View\View->{closure:CodeIgniter\View\View::render():223}()
 2 SYSTEMPATH/View/View.php(242): CodeIgniter\View\View->render()
 3 SYSTEMPATH/Common.php(1167): CodeIgniter\View\View->render()
 4 APPPATH/Controllers/Home.php(9): view()
 5 SYSTEMPATH/CodeIgniter.php(933): App\Controllers\Home->index()
 6 SYSTEMPATH/CodeIgniter.php(507): CodeIgniter\CodeIgniter->runController()
 7 SYSTEMPATH/CodeIgniter.php(354): CodeIgniter\CodeIgniter->handleRequest()
 8 SYSTEMPATH/Boot.php(363): CodeIgniter\CodeIgniter->run()
 9 SYSTEMPATH/Boot.php(68): CodeIgniter\Boot::runCodeIgniter()
10 FCPATH/index.php(59): CodeIgniter\Boot::bootWeb()
11 SYSTEMPATH/rewrite.php(44): require_once('/home/edson/projects/suacasa/public/index.php')
CRITICAL - 2025-11-21 08:00:36 --> CodeIgniter\View\Exceptions\ViewException: Invalid file: "partials/foote.php"
[Method: GET, Route: /]
in SYSTEMPATH/Exceptions/FrameworkException.php on line 39.
 1 SYSTEMPATH/View/View.php(214): CodeIgniter\Exceptions\FrameworkException::forInvalidFile()
 2 SYSTEMPATH/View/View.php(475): CodeIgniter\View\View->render()
 3 APPPATH/Views/master.php(38): CodeIgniter\View\View->include()
 4 SYSTEMPATH/View/View.php(226): include('/home/edson/projects/suacasa/app/Views/master.php')
 5 SYSTEMPATH/View/View.php(229): CodeIgniter\View\View->{closure:CodeIgniter\View\View::render():223}()
 6 SYSTEMPATH/View/View.php(242): CodeIgniter\View\View->render()
 7 SYSTEMPATH/Common.php(1167): CodeIgniter\View\View->render()
 8 APPPATH/Controllers/Home.php(9): view()
 9 SYSTEMPATH/CodeIgniter.php(933): App\Controllers\Home->index()
10 SYSTEMPATH/CodeIgniter.php(507): CodeIgniter\CodeIgniter->runController()
11 SYSTEMPATH/CodeIgniter.php(354): CodeIgniter\CodeIgniter->handleRequest()
12 SYSTEMPATH/Boot.php(363): CodeIgniter\CodeIgniter->run()
13 SYSTEMPATH/Boot.php(68): CodeIgniter\Boot::runCodeIgniter()
14 FCPATH/index.php(59): CodeIgniter\Boot::bootWeb()
15 SYSTEMPATH/rewrite.php(44): require_once('/home/edson/projects/suacasa/public/index.php')
CRITICAL - 2025-11-21 08:09:46 --> CodeIgniter\HTTP\Exceptions\BadRequestException: The URI you submitted has disallowed characters: "sua.png alt="
[Method: GET, Route: assets/img/sua.png%20alt=]
in SYSTEMPATH/Router/Router.php on line 741.
 1 SYSTEMPATH/Router/Router.php(207): CodeIgniter\Router\Router->checkDisallowedChars()
 2 SYSTEMPATH/CodeIgniter.php(832): CodeIgniter\Router\Router->handle()
 3 SYSTEMPATH/CodeIgniter.php(455): CodeIgniter\CodeIgniter->tryToRouteIt()
 4 SYSTEMPATH/CodeIgniter.php(354): CodeIgniter\CodeIgniter->handleRequest()
 5 SYSTEMPATH/Boot.php(363): CodeIgniter\CodeIgniter->run()
 6 SYSTEMPATH/Boot.php(68): CodeIgniter\Boot::runCodeIgniter()
 7 FCPATH/index.php(59): CodeIgniter\Boot::bootWeb()
 8 SYSTEMPATH/rewrite.php(44): require_once('/home/edson/projects/suacasa/public/index.php')
CRITICAL - 2025-11-21 08:09:48 --> CodeIgniter\HTTP\Exceptions\BadRequestException: The URI you submitted has disallowed characters: "sua.png alt="
[Method: GET, Route: assets/img/sua.png%20alt=]
in SYSTEMPATH/Router/Router.php on line 741.
 1 SYSTEMPATH/Router/Router.php(207): CodeIgniter\Router\Router->checkDisallowedChars()
 2 SYSTEMPATH/CodeIgniter.php(832): CodeIgniter\Router\Router->handle()
 3 SYSTEMPATH/CodeIgniter.php(455): CodeIgniter\CodeIgniter->tryToRouteIt()
 4 SYSTEMPATH/CodeIgniter.php(354): CodeIgniter\CodeIgniter->handleRequest()
 5 SYSTEMPATH/Boot.php(363): CodeIgniter\CodeIgniter->run()
 6 SYSTEMPATH/Boot.php(68): CodeIgniter\Boot::runCodeIgniter()
 7 FCPATH/index.php(59): CodeIgniter\Boot::bootWeb()
 8 SYSTEMPATH/rewrite.php(44): require_once('/home/edson/projects/suacasa/public/index.php')
CRITICAL - 2025-11-21 08:09:53 --> CodeIgniter\HTTP\Exceptions\BadRequestException: The URI you submitted has disallowed characters: "sua.png alt="
[Method: GET, Route: assets/img/sua.png%20alt=]
in SYSTEMPATH/Router/Router.php on line 741.
 1 SYSTEMPATH/Router/Router.php(207): CodeIgniter\Router\Router->checkDisallowedChars()
 2 SYSTEMPATH/CodeIgniter.php(832): CodeIgniter\Router\Router->handle()
 3 SYSTEMPATH/CodeIgniter.php(455): CodeIgniter\CodeIgniter->tryToRouteIt()
 4 SYSTEMPATH/CodeIgniter.php(354): CodeIgniter\CodeIgniter->handleRequest()
 5 SYSTEMPATH/Boot.php(363): CodeIgniter\CodeIgniter->run()
 6 SYSTEMPATH/Boot.php(68): CodeIgniter\Boot::runCodeIgniter()
 7 FCPATH/index.php(59): CodeIgniter\Boot::bootWeb()
 8 SYSTEMPATH/rewrite.php(44): require_once('/home/edson/projects/suacasa/public/index.php')
CRITICAL - 2025-11-21 08:10:05 --> CodeIgniter\HTTP\Exceptions\BadRequestException: The URI you submitted has disallowed characters: "sua.png alt="
[Method: GET, Route: assets/img/sua.png%20alt=]
in SYSTEMPATH/Router/Router.php on line 741.
 1 SYSTEMPATH/Router/Router.php(207): CodeIgniter\Router\Router->checkDisallowedChars()
 2 SYSTEMPATH/CodeIgniter.php(832): CodeIgniter\Router\Router->handle()
 3 SYSTEMPATH/CodeIgniter.php(455): CodeIgniter\CodeIgniter->tryToRouteIt()
 4 SYSTEMPATH/CodeIgniter.php(354): CodeIgniter\CodeIgniter->handleRequest()
 5 SYSTEMPATH/Boot.php(363): CodeIgniter\CodeIgniter->run()
 6 SYSTEMPATH/Boot.php(68): CodeIgniter\Boot::runCodeIgniter()
 7 FCPATH/index.php(59): CodeIgniter\Boot::bootWeb()
 8 SYSTEMPATH/rewrite.php(44): require_once('/home/edson/projects/suacasa/public/index.php')
CRITICAL - 2025-11-21 08:10:08 --> CodeIgniter\HTTP\Exceptions\BadRequestException: The URI you submitted has disallowed characters: "sua.png alt="
[Method: GET, Route: assets/img/sua.png%20alt=]
in SYSTEMPATH/Router/Router.php on line 741.
 1 SYSTEMPATH/Router/Router.php(207): CodeIgniter\Router\Router->checkDisallowedChars()
 2 SYSTEMPATH/CodeIgniter.php(832): CodeIgniter\Router\Router->handle()
 3 SYSTEMPATH/CodeIgniter.php(455): CodeIgniter\CodeIgniter->tryToRouteIt()
 4 SYSTEMPATH/CodeIgniter.php(354): CodeIgniter\CodeIgniter->handleRequest()
 5 SYSTEMPATH/Boot.php(363): CodeIgniter\CodeIgniter->run()
 6 SYSTEMPATH/Boot.php(68): CodeIgniter\Boot::runCodeIgniter()
 7 FCPATH/index.php(59): CodeIgniter\Boot::bootWeb()
 8 SYSTEMPATH/rewrite.php(44): require_once('/home/edson/projects/suacasa/public/index.php')
ERROR - 2025-11-21 10:15:14 --> Erro ao consumir API: 6 : Could not resolve host: properties
ERROR - 2025-11-21 10:15:27 --> Erro ao consumir API: 6 : Could not resolve host: properties
CRITICAL - 2025-11-21 10:31:53 --> ErrorException: Cannot use [] for reading
[Method: GET, Route: destacados]
in APPPATH/Controllers/PropertyController.php on line 21.
 1 [internal function]: CodeIgniter\Debug\Exceptions->shutdownHandler()
CRITICAL - 2025-11-21 10:32:39 --> ErrorException: Cannot use [] for reading
[Method: GET, Route: destacados]
in APPPATH/Controllers/PropertyController.php on line 21.
 1 [internal function]: CodeIgniter\Debug\Exceptions->shutdownHandler()
CRITICAL - 2025-11-21 10:32:42 --> ErrorException: Cannot use [] for reading
[Method: GET, Route: destacados]
in APPPATH/Controllers/PropertyController.php on line 21.
 1 [internal function]: CodeIgniter\Debug\Exceptions->shutdownHandler()
CRITICAL - 2025-11-21 10:39:54 --> ErrorException: Undefined variable $p
[Method: GET, Route: destacados]
in APPPATH/Views/_partials/_cards/_destacado.php on line 6.
 1 APPPATH/Views/_partials/_cards/_destacado.php(6): CodeIgniter\Debug\Exceptions->errorHandler()
 2 SYSTEMPATH/View/View.php(226): include('/home/edson/projects/suacasa/app/Views/_partials/_cards/_destacado.php')
 3 SYSTEMPATH/View/View.php(229): CodeIgniter\View\View->{closure:CodeIgniter\View\View::render():223}()
 4 SYSTEMPATH/Common.php(1167): CodeIgniter\View\View->render()
 5 APPPATH/Controllers/PropertyController.php(17): view()
 6 SYSTEMPATH/CodeIgniter.php(933): App\Controllers\PropertyController->getDestacados()
 7 SYSTEMPATH/CodeIgniter.php(507): CodeIgniter\CodeIgniter->runController()
 8 SYSTEMPATH/CodeIgniter.php(354): CodeIgniter\CodeIgniter->handleRequest()
 9 SYSTEMPATH/Boot.php(363): CodeIgniter\CodeIgniter->run()
10 SYSTEMPATH/Boot.php(68): CodeIgniter\Boot::runCodeIgniter()
11 FCPATH/index.php(59): CodeIgniter\Boot::bootWeb()
12 SYSTEMPATH/rewrite.php(44): require_once('/home/edson/projects/suacasa/public/index.php')
CRITICAL - 2025-11-21 10:40:19 --> ErrorException: Undefined variable $p
[Method: GET, Route: destacados]
in APPPATH/Views/_partials/_cards/_destacado.php on line 6.
 1 APPPATH/Views/_partials/_cards/_destacado.php(6): CodeIgniter\Debug\Exceptions->errorHandler()
 2 SYSTEMPATH/View/View.php(226): include('/home/edson/projects/suacasa/app/Views/_partials/_cards/_destacado.php')
 3 SYSTEMPATH/View/View.php(229): CodeIgniter\View\View->{closure:CodeIgniter\View\View::render():223}()
 4 SYSTEMPATH/Common.php(1167): CodeIgniter\View\View->render()
 5 APPPATH/Controllers/PropertyController.php(17): view()
 6 SYSTEMPATH/CodeIgniter.php(933): App\Controllers\PropertyController->getDestacados()
 7 SYSTEMPATH/CodeIgniter.php(507): CodeIgniter\CodeIgniter->runController()
 8 SYSTEMPATH/CodeIgniter.php(354): CodeIgniter\CodeIgniter->handleRequest()
 9 SYSTEMPATH/Boot.php(363): CodeIgniter\CodeIgniter->run()
10 SYSTEMPATH/Boot.php(68): CodeIgniter\Boot::runCodeIgniter()
11 FCPATH/index.php(59): CodeIgniter\Boot::bootWeb()
12 SYSTEMPATH/rewrite.php(44): require_once('/home/edson/projects/suacasa/public/index.php')
CRITICAL - 2025-11-21 10:40:24 --> ErrorException: Undefined variable $p
[Method: GET, Route: destacados]
in APPPATH/Views/_partials/_cards/_destacado.php on line 6.
 1 APPPATH/Views/_partials/_cards/_destacado.php(6): CodeIgniter\Debug\Exceptions->errorHandler()
 2 SYSTEMPATH/View/View.php(226): include('/home/edson/projects/suacasa/app/Views/_partials/_cards/_destacado.php')
 3 SYSTEMPATH/View/View.php(229): CodeIgniter\View\View->{closure:CodeIgniter\View\View::render():223}()
 4 SYSTEMPATH/Common.php(1167): CodeIgniter\View\View->render()
 5 APPPATH/Controllers/PropertyController.php(17): view()
 6 SYSTEMPATH/CodeIgniter.php(933): App\Controllers\PropertyController->getDestacados()
 7 SYSTEMPATH/CodeIgniter.php(507): CodeIgniter\CodeIgniter->runController()
 8 SYSTEMPATH/CodeIgniter.php(354): CodeIgniter\CodeIgniter->handleRequest()
 9 SYSTEMPATH/Boot.php(363): CodeIgniter\CodeIgniter->run()
10 SYSTEMPATH/Boot.php(68): CodeIgniter\Boot::runCodeIgniter()
11 FCPATH/index.php(59): CodeIgniter\Boot::bootWeb()
12 SYSTEMPATH/rewrite.php(44): require_once('/home/edson/projects/suacasa/public/index.php')
CRITICAL - 2025-11-21 10:40:27 --> ErrorException: Undefined variable $p
[Method: GET, Route: destacados]
in APPPATH/Views/_partials/_cards/_destacado.php on line 6.
 1 APPPATH/Views/_partials/_cards/_destacado.php(6): CodeIgniter\Debug\Exceptions->errorHandler()
 2 SYSTEMPATH/View/View.php(226): include('/home/edson/projects/suacasa/app/Views/_partials/_cards/_destacado.php')
 3 SYSTEMPATH/View/View.php(229): CodeIgniter\View\View->{closure:CodeIgniter\View\View::render():223}()
 4 SYSTEMPATH/Common.php(1167): CodeIgniter\View\View->render()
 5 APPPATH/Controllers/PropertyController.php(17): view()
 6 SYSTEMPATH/CodeIgniter.php(933): App\Controllers\PropertyController->getDestacados()
 7 SYSTEMPATH/CodeIgniter.php(507): CodeIgniter\CodeIgniter->runController()
 8 SYSTEMPATH/CodeIgniter.php(354): CodeIgniter\CodeIgniter->handleRequest()
 9 SYSTEMPATH/Boot.php(363): CodeIgniter\CodeIgniter->run()
10 SYSTEMPATH/Boot.php(68): CodeIgniter\Boot::runCodeIgniter()
11 FCPATH/index.php(59): CodeIgniter\Boot::bootWeb()
12 SYSTEMPATH/rewrite.php(44): require_once('/home/edson/projects/suacasa/public/index.php')
CRITICAL - 2025-11-21 10:48:05 --> ErrorException: Undefined variable $image
[Method: GET, Route: destacados]
in APPPATH/Views/_partials/_cards/_destacado.php on line 5.
 1 APPPATH/Views/_partials/_cards/_destacado.php(5): CodeIgniter\Debug\Exceptions->errorHandler()
 2 SYSTEMPATH/View/View.php(226): include('/home/edson/projects/suacasa/app/Views/_partials/_cards/_destacado.php')
 3 SYSTEMPATH/View/View.php(229): CodeIgniter\View\View->{closure:CodeIgniter\View\View::render():223}()
 4 SYSTEMPATH/Common.php(1167): CodeIgniter\View\View->render()
 5 APPPATH/Controllers/PropertyController.php(17): view()
 6 SYSTEMPATH/CodeIgniter.php(933): App\Controllers\PropertyController->getDestacados()
 7 SYSTEMPATH/CodeIgniter.php(507): CodeIgniter\CodeIgniter->runController()
 8 SYSTEMPATH/CodeIgniter.php(354): CodeIgniter\CodeIgniter->handleRequest()
 9 SYSTEMPATH/Boot.php(363): CodeIgniter\CodeIgniter->run()
10 SYSTEMPATH/Boot.php(68): CodeIgniter\Boot::runCodeIgniter()
11 FCPATH/index.php(59): CodeIgniter\Boot::bootWeb()
12 SYSTEMPATH/rewrite.php(44): require_once('/home/edson/projects/suacasa/public/index.php')
CRITICAL - 2025-11-21 10:48:56 --> ErrorException: Undefined variable $image
[Method: GET, Route: destacados]
in APPPATH/Views/_partials/_cards/_destacado.php on line 5.
 1 APPPATH/Views/_partials/_cards/_destacado.php(5): CodeIgniter\Debug\Exceptions->errorHandler()
 2 SYSTEMPATH/View/View.php(226): include('/home/edson/projects/suacasa/app/Views/_partials/_cards/_destacado.php')
 3 SYSTEMPATH/View/View.php(229): CodeIgniter\View\View->{closure:CodeIgniter\View\View::render():223}()
 4 SYSTEMPATH/Common.php(1167): CodeIgniter\View\View->render()
 5 APPPATH/Controllers/PropertyController.php(18): view()
 6 SYSTEMPATH/CodeIgniter.php(933): App\Controllers\PropertyController->getDestacados()
 7 SYSTEMPATH/CodeIgniter.php(507): CodeIgniter\CodeIgniter->runController()
 8 SYSTEMPATH/CodeIgniter.php(354): CodeIgniter\CodeIgniter->handleRequest()
 9 SYSTEMPATH/Boot.php(363): CodeIgniter\CodeIgniter->run()
10 SYSTEMPATH/Boot.php(68): CodeIgniter\Boot::runCodeIgniter()
11 FCPATH/index.php(59): CodeIgniter\Boot::bootWeb()
12 SYSTEMPATH/rewrite.php(44): require_once('/home/edson/projects/suacasa/public/index.php')
CRITICAL - 2025-11-21 10:49:14 --> ErrorException: Undefined variable $image
[Method: GET, Route: destacados]
in APPPATH/Views/_partials/_cards/_destacado.php on line 5.
 1 APPPATH/Views/_partials/_cards/_destacado.php(5): CodeIgniter\Debug\Exceptions->errorHandler()
 2 SYSTEMPATH/View/View.php(226): include('/home/edson/projects/suacasa/app/Views/_partials/_cards/_destacado.php')
 3 SYSTEMPATH/View/View.php(229): CodeIgniter\View\View->{closure:CodeIgniter\View\View::render():223}()
 4 SYSTEMPATH/Common.php(1167): CodeIgniter\View\View->render()
 5 APPPATH/Controllers/PropertyController.php(18): view()
 6 SYSTEMPATH/CodeIgniter.php(933): App\Controllers\PropertyController->getDestacados()
 7 SYSTEMPATH/CodeIgniter.php(507): CodeIgniter\CodeIgniter->runController()
 8 SYSTEMPATH/CodeIgniter.php(354): CodeIgniter\CodeIgniter->handleRequest()
 9 SYSTEMPATH/Boot.php(363): CodeIgniter\CodeIgniter->run()
10 SYSTEMPATH/Boot.php(68): CodeIgniter\Boot::runCodeIgniter()
11 FCPATH/index.php(59): CodeIgniter\Boot::bootWeb()
12 SYSTEMPATH/rewrite.php(44): require_once('/home/edson/projects/suacasa/public/index.php')
CRITICAL - 2025-11-21 10:49:30 --> ErrorException: Undefined variable $image
[Method: GET, Route: destacados]
in APPPATH/Views/_partials/_cards/_destacado.php on line 5.
 1 APPPATH/Views/_partials/_cards/_destacado.php(5): CodeIgniter\Debug\Exceptions->errorHandler()
 2 SYSTEMPATH/View/View.php(226): include('/home/edson/projects/suacasa/app/Views/_partials/_cards/_destacado.php')
 3 SYSTEMPATH/View/View.php(229): CodeIgniter\View\View->{closure:CodeIgniter\View\View::render():223}()
 4 SYSTEMPATH/Common.php(1167): CodeIgniter\View\View->render()
 5 APPPATH/Controllers/PropertyController.php(18): view()
 6 SYSTEMPATH/CodeIgniter.php(933): App\Controllers\PropertyController->getDestacados()
 7 SYSTEMPATH/CodeIgniter.php(507): CodeIgniter\CodeIgniter->runController()
 8 SYSTEMPATH/CodeIgniter.php(354): CodeIgniter\CodeIgniter->handleRequest()
 9 SYSTEMPATH/Boot.php(363): CodeIgniter\CodeIgniter->run()
10 SYSTEMPATH/Boot.php(68): CodeIgniter\Boot::runCodeIgniter()
11 FCPATH/index.php(59): CodeIgniter\Boot::bootWeb()
12 SYSTEMPATH/rewrite.php(44): require_once('/home/edson/projects/suacasa/public/index.php')
CRITICAL - 2025-11-21 10:50:21 --> ErrorException: Undefined variable $image
[Method: GET, Route: destacados]
in APPPATH/Views/_partials/_cards/_destacado.php on line 5.
 1 APPPATH/Views/_partials/_cards/_destacado.php(5): CodeIgniter\Debug\Exceptions->errorHandler()
 2 SYSTEMPATH/View/View.php(226): include('/home/edson/projects/suacasa/app/Views/_partials/_cards/_destacado.php')
 3 SYSTEMPATH/View/View.php(229): CodeIgniter\View\View->{closure:CodeIgniter\View\View::render():223}()
 4 SYSTEMPATH/Common.php(1167): CodeIgniter\View\View->render()
 5 APPPATH/Controllers/PropertyController.php(18): view()
 6 SYSTEMPATH/CodeIgniter.php(933): App\Controllers\PropertyController->getDestacados()
 7 SYSTEMPATH/CodeIgniter.php(507): CodeIgniter\CodeIgniter->runController()
 8 SYSTEMPATH/CodeIgniter.php(354): CodeIgniter\CodeIgniter->handleRequest()
 9 SYSTEMPATH/Boot.php(363): CodeIgniter\CodeIgniter->run()
10 SYSTEMPATH/Boot.php(68): CodeIgniter\Boot::runCodeIgniter()
11 FCPATH/index.php(59): CodeIgniter\Boot::bootWeb()
12 SYSTEMPATH/rewrite.php(44): require_once('/home/edson/projects/suacasa/public/index.php')
CRITICAL - 2025-11-21 10:51:56 --> ErrorException: Undefined variable $image
[Method: GET, Route: destacados]
in APPPATH/Views/_partials/_cards/_destacado.php on line 3.
 1 APPPATH/Views/_partials/_cards/_destacado.php(3): CodeIgniter\Debug\Exceptions->errorHandler()
 2 SYSTEMPATH/View/View.php(226): include('/home/edson/projects/suacasa/app/Views/_partials/_cards/_destacado.php')
 3 SYSTEMPATH/View/View.php(229): CodeIgniter\View\View->{closure:CodeIgniter\View\View::render():223}()
 4 SYSTEMPATH/Common.php(1167): CodeIgniter\View\View->render()
 5 APPPATH/Controllers/PropertyController.php(18): view()
 6 SYSTEMPATH/CodeIgniter.php(933): App\Controllers\PropertyController->getDestacados()
 7 SYSTEMPATH/CodeIgniter.php(507): CodeIgniter\CodeIgniter->runController()
 8 SYSTEMPATH/CodeIgniter.php(354): CodeIgniter\CodeIgniter->handleRequest()
 9 SYSTEMPATH/Boot.php(363): CodeIgniter\CodeIgniter->run()
10 SYSTEMPATH/Boot.php(68): CodeIgniter\Boot::runCodeIgniter()
11 FCPATH/index.php(59): CodeIgniter\Boot::bootWeb()
12 SYSTEMPATH/rewrite.php(44): require_once('/home/edson/projects/suacasa/public/index.php')
CRITICAL - 2025-11-21 10:52:42 --> ErrorException: Undefined variable $titulo
[Method: GET, Route: destacados]
in APPPATH/Views/_partials/_cards/_destacado.php on line 6.
 1 APPPATH/Views/_partials/_cards/_destacado.php(6): CodeIgniter\Debug\Exceptions->errorHandler()
 2 SYSTEMPATH/View/View.php(226): include('/home/edson/projects/suacasa/app/Views/_partials/_cards/_destacado.php')
 3 SYSTEMPATH/View/View.php(229): CodeIgniter\View\View->{closure:CodeIgniter\View\View::render():223}()
 4 SYSTEMPATH/Common.php(1167): CodeIgniter\View\View->render()
 5 APPPATH/Controllers/PropertyController.php(18): view()
 6 SYSTEMPATH/CodeIgniter.php(933): App\Controllers\PropertyController->getDestacados()
 7 SYSTEMPATH/CodeIgniter.php(507): CodeIgniter\CodeIgniter->runController()
 8 SYSTEMPATH/CodeIgniter.php(354): CodeIgniter\CodeIgniter->handleRequest()
 9 SYSTEMPATH/Boot.php(363): CodeIgniter\CodeIgniter->run()
10 SYSTEMPATH/Boot.php(68): CodeIgniter\Boot::runCodeIgniter()
11 FCPATH/index.php(59): CodeIgniter\Boot::bootWeb()
12 SYSTEMPATH/rewrite.php(44): require_once('/home/edson/projects/suacasa/public/index.php')
CRITICAL - 2025-11-21 10:52:48 --> ErrorException: Undefined variable $titulo
[Method: GET, Route: destacados]
in APPPATH/Views/_partials/_cards/_destacado.php on line 6.
 1 APPPATH/Views/_partials/_cards/_destacado.php(6): CodeIgniter\Debug\Exceptions->errorHandler()
 2 SYSTEMPATH/View/View.php(226): include('/home/edson/projects/suacasa/app/Views/_partials/_cards/_destacado.php')
 3 SYSTEMPATH/View/View.php(229): CodeIgniter\View\View->{closure:CodeIgniter\View\View::render():223}()
 4 SYSTEMPATH/Common.php(1167): CodeIgniter\View\View->render()
 5 APPPATH/Controllers/PropertyController.php(18): view()
 6 SYSTEMPATH/CodeIgniter.php(933): App\Controllers\PropertyController->getDestacados()
 7 SYSTEMPATH/CodeIgniter.php(507): CodeIgniter\CodeIgniter->runController()
 8 SYSTEMPATH/CodeIgniter.php(354): CodeIgniter\CodeIgniter->handleRequest()
 9 SYSTEMPATH/Boot.php(363): CodeIgniter\CodeIgniter->run()
10 SYSTEMPATH/Boot.php(68): CodeIgniter\Boot::runCodeIgniter()
11 FCPATH/index.php(59): CodeIgniter\Boot::bootWeb()
12 SYSTEMPATH/rewrite.php(44): require_once('/home/edson/projects/suacasa/public/index.php')
CRITICAL - 2025-11-21 10:53:04 --> ErrorException: Undefined variable $preco
[Method: GET, Route: destacados]
in APPPATH/Views/_partials/_cards/_destacado.php on line 11.
 1 APPPATH/Views/_partials/_cards/_destacado.php(11): CodeIgniter\Debug\Exceptions->errorHandler()
 2 SYSTEMPATH/View/View.php(226): include('/home/edson/projects/suacasa/app/Views/_partials/_cards/_destacado.php')
 3 SYSTEMPATH/View/View.php(229): CodeIgniter\View\View->{closure:CodeIgniter\View\View::render():223}()
 4 SYSTEMPATH/Common.php(1167): CodeIgniter\View\View->render()
 5 APPPATH/Controllers/PropertyController.php(18): view()
 6 SYSTEMPATH/CodeIgniter.php(933): App\Controllers\PropertyController->getDestacados()
 7 SYSTEMPATH/CodeIgniter.php(507): CodeIgniter\CodeIgniter->runController()
 8 SYSTEMPATH/CodeIgniter.php(354): CodeIgniter\CodeIgniter->handleRequest()
 9 SYSTEMPATH/Boot.php(363): CodeIgniter\CodeIgniter->run()
10 SYSTEMPATH/Boot.php(68): CodeIgniter\Boot::runCodeIgniter()
11 FCPATH/index.php(59): CodeIgniter\Boot::bootWeb()
12 SYSTEMPATH/rewrite.php(44): require_once('/home/edson/projects/suacasa/public/index.php')
CRITICAL - 2025-11-21 10:54:11 --> TypeError: Unsupported operand types: string + string
[Method: GET, Route: destacados]
in APPPATH/Controllers/PropertyController.php on line 23.
 1 SYSTEMPATH/CodeIgniter.php(933): App\Controllers\PropertyController->getDestacados()
 2 SYSTEMPATH/CodeIgniter.php(507): CodeIgniter\CodeIgniter->runController()
 3 SYSTEMPATH/CodeIgniter.php(354): CodeIgniter\CodeIgniter->handleRequest()
 4 SYSTEMPATH/Boot.php(363): CodeIgniter\CodeIgniter->run()
 5 SYSTEMPATH/Boot.php(68): CodeIgniter\Boot::runCodeIgniter()
 6 FCPATH/index.php(59): CodeIgniter\Boot::bootWeb()
 7 SYSTEMPATH/rewrite.php(44): require_once('/home/edson/projects/suacasa/public/index.php')
CRITICAL - 2025-11-21 10:54:52 --> TypeError: Unsupported operand types: string + string
[Method: GET, Route: destacados]
in APPPATH/Controllers/PropertyController.php on line 23.
 1 SYSTEMPATH/CodeIgniter.php(933): App\Controllers\PropertyController->getDestacados()
 2 SYSTEMPATH/CodeIgniter.php(507): CodeIgniter\CodeIgniter->runController()
 3 SYSTEMPATH/CodeIgniter.php(354): CodeIgniter\CodeIgniter->handleRequest()
 4 SYSTEMPATH/Boot.php(363): CodeIgniter\CodeIgniter->run()
 5 SYSTEMPATH/Boot.php(68): CodeIgniter\Boot::runCodeIgniter()
 6 FCPATH/index.php(59): CodeIgniter\Boot::bootWeb()
 7 SYSTEMPATH/rewrite.php(44): require_once('/home/edson/projects/suacasa/public/index.php')
CRITICAL - 2025-11-21 10:55:05 --> TypeError: Unsupported operand types: string + string
[Method: GET, Route: destacados]
in APPPATH/Controllers/PropertyController.php on line 23.
 1 SYSTEMPATH/CodeIgniter.php(933): App\Controllers\PropertyController->getDestacados()
 2 SYSTEMPATH/CodeIgniter.php(507): CodeIgniter\CodeIgniter->runController()
 3 SYSTEMPATH/CodeIgniter.php(354): CodeIgniter\CodeIgniter->handleRequest()
 4 SYSTEMPATH/Boot.php(363): CodeIgniter\CodeIgniter->run()
 5 SYSTEMPATH/Boot.php(68): CodeIgniter\Boot::runCodeIgniter()
 6 FCPATH/index.php(59): CodeIgniter\Boot::bootWeb()
 7 SYSTEMPATH/rewrite.php(44): require_once('/home/edson/projects/suacasa/public/index.php')
CRITICAL - 2025-11-21 10:55:13 --> TypeError: Unsupported operand types: string + string
[Method: GET, Route: destacados]
in APPPATH/Controllers/PropertyController.php on line 23.
 1 SYSTEMPATH/CodeIgniter.php(933): App\Controllers\PropertyController->getDestacados()
 2 SYSTEMPATH/CodeIgniter.php(507): CodeIgniter\CodeIgniter->runController()
 3 SYSTEMPATH/CodeIgniter.php(354): CodeIgniter\CodeIgniter->handleRequest()
 4 SYSTEMPATH/Boot.php(363): CodeIgniter\CodeIgniter->run()
 5 SYSTEMPATH/Boot.php(68): CodeIgniter\Boot::runCodeIgniter()
 6 FCPATH/index.php(59): CodeIgniter\Boot::bootWeb()
 7 SYSTEMPATH/rewrite.php(44): require_once('/home/edson/projects/suacasa/public/index.php')
CRITICAL - 2025-11-21 10:56:54 --> TypeError: Unsupported operand types: string + string
[Method: GET, Route: destacados]
in APPPATH/Controllers/PropertyController.php on line 23.
 1 SYSTEMPATH/CodeIgniter.php(933): App\Controllers\PropertyController->getDestacados()
 2 SYSTEMPATH/CodeIgniter.php(507): CodeIgniter\CodeIgniter->runController()
 3 SYSTEMPATH/CodeIgniter.php(354): CodeIgniter\CodeIgniter->handleRequest()
 4 SYSTEMPATH/Boot.php(363): CodeIgniter\CodeIgniter->run()
 5 SYSTEMPATH/Boot.php(68): CodeIgniter\Boot::runCodeIgniter()
 6 FCPATH/index.php(59): CodeIgniter\Boot::bootWeb()
 7 SYSTEMPATH/rewrite.php(44): require_once('/home/edson/projects/suacasa/public/index.php')
CRITICAL - 2025-11-21 10:57:14 --> TypeError: Unsupported operand types: string + string
[Method: GET, Route: destacados]
in APPPATH/Controllers/PropertyController.php on line 23.
 1 SYSTEMPATH/CodeIgniter.php(933): App\Controllers\PropertyController->getDestacados()
 2 SYSTEMPATH/CodeIgniter.php(507): CodeIgniter\CodeIgniter->runController()
 3 SYSTEMPATH/CodeIgniter.php(354): CodeIgniter\CodeIgniter->handleRequest()
 4 SYSTEMPATH/Boot.php(363): CodeIgniter\CodeIgniter->run()
 5 SYSTEMPATH/Boot.php(68): CodeIgniter\Boot::runCodeIgniter()
 6 FCPATH/index.php(59): CodeIgniter\Boot::bootWeb()
 7 SYSTEMPATH/rewrite.php(44): require_once('/home/edson/projects/suacasa/public/index.php')
CRITICAL - 2025-11-21 10:59:00 --> TypeError: Unsupported operand types: string + string
[Method: GET, Route: destacados]
in APPPATH/Controllers/PropertyController.php on line 23.
 1 SYSTEMPATH/CodeIgniter.php(933): App\Controllers\PropertyController->getDestacados()
 2 SYSTEMPATH/CodeIgniter.php(507): CodeIgniter\CodeIgniter->runController()
 3 SYSTEMPATH/CodeIgniter.php(354): CodeIgniter\CodeIgniter->handleRequest()
 4 SYSTEMPATH/Boot.php(363): CodeIgniter\CodeIgniter->run()
 5 SYSTEMPATH/Boot.php(68): CodeIgniter\Boot::runCodeIgniter()
 6 FCPATH/index.php(59): CodeIgniter\Boot::bootWeb()
 7 SYSTEMPATH/rewrite.php(44): require_once('/home/edson/projects/suacasa/public/index.php')
CRITICAL - 2025-11-21 10:59:10 --> TypeError: Unsupported operand types: string + string
[Method: GET, Route: destacados]
in APPPATH/Controllers/PropertyController.php on line 23.
 1 SYSTEMPATH/CodeIgniter.php(933): App\Controllers\PropertyController->getDestacados()
 2 SYSTEMPATH/CodeIgniter.php(507): CodeIgniter\CodeIgniter->runController()
 3 SYSTEMPATH/CodeIgniter.php(354): CodeIgniter\CodeIgniter->handleRequest()
 4 SYSTEMPATH/Boot.php(363): CodeIgniter\CodeIgniter->run()
 5 SYSTEMPATH/Boot.php(68): CodeIgniter\Boot::runCodeIgniter()
 6 FCPATH/index.php(59): CodeIgniter\Boot::bootWeb()
 7 SYSTEMPATH/rewrite.php(44): require_once('/home/edson/projects/suacasa/public/index.php')
