CRITICAL - 2025-11-13 20:05:33 --> CodeIgniter\View\Exceptions\ViewException: Invalid file: "_placeholders/trendings.php"
[Method: GET, Route: /]
in SYSTEMPATH/Exceptions/FrameworkException.php on line 39.
 1 SYSTEMPATH/View/View.php(214): CodeIgniter\Exceptions\FrameworkException::forInvalidFile()
 2 SYSTEMPATH/View/View.php(475): CodeIgniter\View\View->render()
 3 APPPATH/Views/_placeholders/_recent.php(86): CodeIgniter\View\View->include()
 4 SYSTEMPATH/View/View.php(226): include('/home/edson/projects/blog-ci4/app/Views/_placeholders/_recent.php')
 5 SYSTEMPATH/View/View.php(229): CodeIgniter\View\View->{closure:CodeIgniter\View\View::render():223}()
 6 SYSTEMPATH/View/View.php(475): CodeIgniter\View\View->render()
 7 APPPATH/Views/home.php(15): CodeIgniter\View\View->include()
 8 SYSTEMPATH/View/View.php(226): include('/home/edson/projects/blog-ci4/app/Views/home.php')
 9 SYSTEMPATH/View/View.php(229): CodeIgniter\View\View->{closure:CodeIgniter\View\View::render():223}()
10 SYSTEMPATH/Common.php(1167): CodeIgniter\View\View->render()
11 APPPATH/Controllers/Home.php(9): view()
12 SYSTEMPATH/CodeIgniter.php(933): App\Controllers\Home->index()
13 SYSTEMPATH/CodeIgniter.php(507): CodeIgniter\CodeIgniter->runController()
14 SYSTEMPATH/CodeIgniter.php(354): CodeIgniter\CodeIgniter->handleRequest()
15 SYSTEMPATH/Boot.php(363): CodeIgniter\CodeIgniter->run()
16 SYSTEMPATH/Boot.php(68): CodeIgniter\Boot::runCodeIgniter()
17 FCPATH/index.php(59): CodeIgniter\Boot::bootWeb()
18 SYSTEMPATH/rewrite.php(44): require_once('/home/edson/projects/blog-ci4/public/index.php')
