CRITICAL - 2025-10-30 19:30:02 --> CodeIgniter\View\Exceptions\ViewException: App\Libraries\BannerHome::render is not a valid method.
[Method: GET, Route: /]
in SYSTEMPATH/View/Cell.php on line 101.
 1 SYSTEMPATH/View/Cell.php(101): CodeIgniter\View\Exceptions\ViewException::forInvalidCellMethod()
 2 SYSTEMPATH/Common.php(1183): CodeIgniter\View\Cell->render()
 3 APPPATH/Views/home.php(6): view_cell()
 4 SYSTEMPATH/View/View.php(226): include('/home/edson/projects/blog-ci4/app/Views/home.php')
 5 SYSTEMPATH/View/View.php(229): CodeIgniter\View\View->{closure:CodeIgniter\View\View::render():223}()
 6 SYSTEMPATH/Common.php(1167): CodeIgniter\View\View->render()
 7 APPPATH/Controllers/Home.php(9): view()
 8 SYSTEMPATH/CodeIgniter.php(933): App\Controllers\Home->index()
 9 SYSTEMPATH/CodeIgniter.php(507): CodeIgniter\CodeIgniter->runController()
10 SYSTEMPATH/CodeIgniter.php(354): CodeIgniter\CodeIgniter->handleRequest()
11 SYSTEMPATH/Boot.php(363): CodeIgniter\CodeIgniter->run()
12 SYSTEMPATH/Boot.php(68): CodeIgniter\Boot::runCodeIgniter()
13 FCPATH/index.php(59): CodeIgniter\Boot::bootWeb()
14 SYSTEMPATH/rewrite.php(44): require_once('/home/edson/projects/blog-ci4/public/index.php')
CRITICAL - 2025-10-30 19:30:20 --> CodeIgniter\View\Exceptions\ViewException: App\Libraries\BannerHome::render is not a valid method.
[Method: GET, Route: /]
in SYSTEMPATH/View/Cell.php on line 101.
 1 SYSTEMPATH/View/Cell.php(101): CodeIgniter\View\Exceptions\ViewException::forInvalidCellMethod()
 2 SYSTEMPATH/Common.php(1183): CodeIgniter\View\Cell->render()
 3 APPPATH/Views/home.php(6): view_cell()
 4 SYSTEMPATH/View/View.php(226): include('/home/edson/projects/blog-ci4/app/Views/home.php')
 5 SYSTEMPATH/View/View.php(229): CodeIgniter\View\View->{closure:CodeIgniter\View\View::render():223}()
 6 SYSTEMPATH/Common.php(1167): CodeIgniter\View\View->render()
 7 APPPATH/Controllers/Home.php(9): view()
 8 SYSTEMPATH/CodeIgniter.php(933): App\Controllers\Home->index()
 9 SYSTEMPATH/CodeIgniter.php(507): CodeIgniter\CodeIgniter->runController()
10 SYSTEMPATH/CodeIgniter.php(354): CodeIgniter\CodeIgniter->handleRequest()
11 SYSTEMPATH/Boot.php(363): CodeIgniter\CodeIgniter->run()
12 SYSTEMPATH/Boot.php(68): CodeIgniter\Boot::runCodeIgniter()
13 FCPATH/index.php(59): CodeIgniter\Boot::bootWeb()
14 SYSTEMPATH/rewrite.php(44): require_once('/home/edson/projects/blog-ci4/public/index.php')
CRITICAL - 2025-10-30 19:31:29 --> CodeIgniter\View\Exceptions\ViewException: Invalid file: "fetch/bannerHome.php"
[Method: GET, Route: /]
in SYSTEMPATH/Exceptions/FrameworkException.php on line 39.
 1 SYSTEMPATH/View/View.php(214): CodeIgniter\Exceptions\FrameworkException::forInvalidFile()
 2 SYSTEMPATH/Common.php(1167): CodeIgniter\View\View->render()
 3 APPPATH/Libraries/BannerHome.php(9): view()
 4 SYSTEMPATH/View/Cell.php(284): App\Libraries\BannerHome->load()
 5 SYSTEMPATH/View/Cell.php(106): CodeIgniter\View\Cell->renderSimpleClass()
 6 SYSTEMPATH/Common.php(1183): CodeIgniter\View\Cell->render()
 7 APPPATH/Views/home.php(6): view_cell()
 8 SYSTEMPATH/View/View.php(226): include('/home/edson/projects/blog-ci4/app/Views/home.php')
 9 SYSTEMPATH/View/View.php(229): CodeIgniter\View\View->{closure:CodeIgniter\View\View::render():223}()
10 SYSTEMPATH/Common.php(1167): CodeIgniter\View\View->render()
11 APPPATH/Controllers/Home.php(9): view()
12 SYSTEMPATH/CodeIgniter.php(933): App\Controllers\Home->index()
13 SYSTEMPATH/CodeIgniter.php(507): CodeIgniter\CodeIgniter->runController()
14 SYSTEMPATH/CodeIgniter.php(354): CodeIgniter\CodeIgniter->handleRequest()
15 SYSTEMPATH/Boot.php(363): CodeIgniter\CodeIgniter->run()
16 SYSTEMPATH/Boot.php(68): CodeIgniter\Boot::runCodeIgniter()
17 FCPATH/index.php(59): CodeIgniter\Boot::bootWeb()
18 SYSTEMPATH/rewrite.php(44): require_once('/home/edson/projects/blog-ci4/public/index.php')
